<?xml version="1.0" encoding="UTF-8"?>
<!-- Generated by org.testng.reporters.JUnitReportReporter -->
<testsuite hostname="DESKTOP-VRBAL0D" failures="0" tests="1" name="com.excelr.testcases.DashboardPageTest" time="26.799" errors="0" timestamp="2023-03-23T21:42:27 IST" skipped="0">
  <testcase classname="com.excelr.testcases.DashboardPageTest" name="timeatWorkSection" time="26.799"/>
  <system-out/>
</testsuite> <!-- com.excelr.testcases.DashboardPageTest -->
