<?xml version="1.0" encoding="UTF-8"?>
<!-- Generated by org.testng.reporters.JUnitReportReporter -->
<testsuite hostname="DESKTOP-VRBAL0D" failures="0" tests="3" name="com.excelr.testcases.LoginPageTest" time="169.849" errors="0" timestamp="2023-03-28T21:29:54 IST" skipped="0">
  <testcase classname="com.excelr.testcases.LoginPageTest" name="validateTitleTest" time="42.221"/>
  <system-out/>
  <testcase classname="com.excelr.testcases.LoginPageTest" name="validateLoginTest" time="41.747"/>
  <system-out/>
  <testcase classname="com.excelr.testcases.LoginPageTest" name="forgotPasswordLinkDisplayed" time="85.881"/>
  <system-out/>
</testsuite> <!-- com.excelr.testcases.LoginPageTest -->
