<?xml version="1.0" encoding="UTF-8"?>
<!-- Generated by org.testng.reporters.JUnitReportReporter -->
<testsuite hostname="DESKTOP-VRBAL0D" failures="0" tests="3" name="com.excelr.testcases.LoginPageTest" time="59.313" errors="0" timestamp="2023-03-23T21:33:28 IST" skipped="0">
  <testcase classname="com.excelr.testcases.LoginPageTest" name="forgotPasswordLinkDisplayed" time="22.070"/>
  <system-out/>
  <testcase classname="com.excelr.testcases.LoginPageTest" name="validateLoginTest" time="21.763"/>
  <system-out/>
  <testcase classname="com.excelr.testcases.LoginPageTest" name="validateTitleTest" time="15.480"/>
  <system-out/>
</testsuite> <!-- com.excelr.testcases.LoginPageTest -->
